INFO  23-06-01 13:36:58[main] [ApiApplication:55] - Starting ApiApplication using Java 17.0.3 on limdoyoung with PID 7900 (C:\Users\dlaeh\workSpaces\spring-sample-api\target\classes started by dlaeh in C:\Users\dlaeh\workSpaces\spring-sample-api)
INFO  23-06-01 13:36:58[main] [ApiApplication:631] - No active profile set, falling back to 1 default profile: "default"
INFO  23-06-01 13:36:58[main] [RepositoryConfigurationDelegate:132] - Bootstrapping Spring Data JPA repositories in DEFAULT mode.
INFO  23-06-01 13:36:59[main] [RepositoryConfigurationDelegate:201] - Finished Spring Data repository scanning in 31 ms. Found 1 JPA repository interfaces.
INFO  23-06-01 13:36:59[main] [TomcatWebServer:108] - Tomcat initialized with port(s): 8080 (http)
INFO  23-06-01 13:36:59[main] [Http11NioProtocol:173] - Initializing ProtocolHandler ["http-nio-8080"]
INFO  23-06-01 13:36:59[main] [StandardService:173] - Starting service [Tomcat]
INFO  23-06-01 13:36:59[main] [StandardEngine:173] - Starting Servlet engine: [Apache Tomcat/9.0.71]
INFO  23-06-01 13:37:00[main] [[/]:173] - Initializing Spring embedded WebApplicationContext
INFO  23-06-01 13:37:00[main] [ServletWebServerApplicationContext:292] - Root WebApplicationContext: initialization completed in 1742 ms
INFO  23-06-01 13:37:00[main] [LogHelper:31] - HHH000204: Processing PersistenceUnitInfo [name: default]
INFO  23-06-01 13:37:00[main] [Version:44] - HHH000412: Hibernate ORM core version 5.6.15.Final
INFO  23-06-01 13:37:00[main] [Version:56] - HCANN000001: Hibernate Commons Annotations {5.1.2.Final}
INFO  23-06-01 13:37:00[main] [HikariDataSource:110] - HikariPool-1 - Starting...
INFO  23-06-01 13:37:00[main] [HikariDataSource:123] - HikariPool-1 - Start completed.
INFO  23-06-01 13:37:00[main] [Dialect:175] - HHH000400: Using dialect: org.hibernate.dialect.MySQL57Dialect
INFO  23-06-01 13:37:01[main] [JtaPlatformInitiator:52] - HHH000490: Using JtaPlatform implementation: [org.hibernate.engine.transaction.jta.platform.internal.NoJtaPlatform]
INFO  23-06-01 13:37:01[main] [LocalContainerEntityManagerFactoryBean:437] - Initialized JPA EntityManagerFactory for persistence unit 'default'
WARN  23-06-01 13:37:01[main] [JpaBaseConfiguration$JpaWebConfiguration:223] - spring.jpa.open-in-view is enabled by default. Therefore, database queries may be performed during view rendering. Explicitly configure spring.jpa.open-in-view to disable this warning
INFO  23-06-01 13:37:02[main] [Http11NioProtocol:173] - Starting ProtocolHandler ["http-nio-8080"]
INFO  23-06-01 13:37:02[main] [TomcatWebServer:220] - Tomcat started on port(s): 8080 (http) with context path ''
